<?xml version="1.0" encoding="UTF-8"?>
<!-- Generated by org.testng.reporters.JUnitXMLReporter -->
<testsuite ignored="0" hostname="LAPTOP-LAKSHAY" failures="1" tests="1" name="chrome-test" time="15.477" errors="0" timestamp="2024-02-10T16:02:50 IST">
  <testcase classname="testCases.TC_001_AccountRegistrationPageTest" name="testAccountRegistration" time="11.477">
    <failure type="java.lang.AssertionError" message="null">
      <![CDATA[java.lang.AssertionError: null
at testCases.TC_001_AccountRegistrationPageTest.testAccountRegistration(TC_001_AccountRegistrationPageTest.java:59)
at java.base/java.util.ArrayList.forEach(ArrayList.java:1511)
at java.base/java.util.concurrent.FutureTask.run(FutureTask.java:264)
at java.base/java.util.concurrent.ThreadPoolExecutor.runWorker(ThreadPoolExecutor.java:1136)
at java.base/java.util.concurrent.ThreadPoolExecutor$Worker.run(ThreadPoolExecutor.java:635)
at java.base/java.lang.Thread.run(Thread.java:840)
... Removed 19 stack frames]]>
    </failure>
  </testcase> <!-- testAccountRegistration -->
</testsuite> <!-- chrome-test -->
